[debug] [2021-01-18T15:43:43.467Z] ----------------------------------------------------------------------
[debug] [2021-01-18T15:43:43.469Z] Command:       C:\Program Files\nodejs\node.exe C:\Users\MIF\AppData\Roaming\npm\node_modules\firebase-tools\lib\bin\firebase.js emulators:start
[debug] [2021-01-18T15:43:43.470Z] CLI Version:   8.16.2
[debug] [2021-01-18T15:43:43.470Z] Platform:      win32
[debug] [2021-01-18T15:43:43.470Z] Node Version:  v12.18.2
[debug] [2021-01-18T15:43:43.471Z] Time:          Mon Jan 18 2021 21:43:43 GMT+0600 (Bangladesh Standard Time)
[debug] [2021-01-18T15:43:43.471Z] ----------------------------------------------------------------------
[debug] [2021-01-18T15:43:43.471Z] 
[debug] [2021-01-18T15:43:43.479Z] > command requires scopes: ["email","openid","https://www.googleapis.com/auth/cloudplatformprojects.readonly","https://www.googleapis.com/auth/firebase","https://www.googleapis.com/auth/cloud-platform"]
[debug] [2021-01-18T15:43:43.479Z] > authorizing via signed-in user
[info] i  emulators: Starting emulators: functions, hosting {"metadata":{"emulator":{"name":"hub"},"message":"Starting emulators: functions, hosting"}}
[debug] [2021-01-18T15:43:45.536Z] [hub] writing locator at C:\Users\MIF\AppData\Local\Temp\hub-ema-jhon-22188.json
[warn] !  functions: The following emulators are not running, calls to these services from the Functions emulator will affect production: auth, firestore, database, pubsub {"metadata":{"emulator":{"name":"functions"},"message":"The following emulators are not running, calls to these services from the Functions emulator will affect production: \u001b[1mauth, firestore, database, pubsub\u001b[22m"}}
[info] +  functions: Using node@12 from host. {"metadata":{"emulator":{"name":"functions"},"message":"Using node@12 from host."}}
[debug] [2021-01-18T15:43:47.567Z] defaultcredentials: writing to file C:\Users\MIF\AppData\Roaming\firebase\mainulislamfaruqi_gmail_com_application_default_credentials.json
[debug] [2021-01-18T15:43:47.572Z] Setting GAC to C:\Users\MIF\AppData\Roaming\firebase\mainulislamfaruqi_gmail_com_application_default_credentials.json {"metadata":{"emulator":{"name":"functions"},"message":"Setting GAC to C:\\Users\\MIF\\AppData\\Roaming\\firebase\\mainulislamfaruqi_gmail_com_application_default_credentials.json"}}
[debug] [2021-01-18T15:43:49.595Z] > refreshing access token with scopes: ["email","https://www.googleapis.com/auth/cloud-platform","https://www.googleapis.com/auth/cloudplatformprojects.readonly","https://www.googleapis.com/auth/firebase","openid"]
[debug] [2021-01-18T15:43:49.596Z] >>> HTTP REQUEST POST https://www.googleapis.com/oauth2/v3/token  
 <request body omitted>
[debug] [2021-01-18T15:43:50.583Z] <<< HTTP RESPONSE 200 {"date":"Mon, 18 Jan 2021 15:45:17 GMT","cache-control":"no-cache, no-store, max-age=0, must-revalidate","expires":"Mon, 01 Jan 1990 00:00:00 GMT","pragma":"no-cache","content-type":"application/json; charset=utf-8","vary":"X-Origin, Referer, Origin,Accept-Encoding","server":"scaffolding on HTTPServer2","x-xss-protection":"0","x-frame-options":"SAMEORIGIN","x-content-type-options":"nosniff","alt-svc":"h3-29=\":443\"; ma=2592000,h3-T051=\":443\"; ma=2592000,h3-Q050=\":443\"; ma=2592000,h3-Q046=\":443\"; ma=2592000,h3-Q043=\":443\"; ma=2592000,quic=\":443\"; ma=2592000; v=\"46,43\"","accept-ranges":"none","transfer-encoding":"chunked"}
[debug] [2021-01-18T15:43:50.590Z] >>> HTTP REQUEST GET https://firebase.googleapis.com/v1beta1/projects/ema-jhon-22188/webApps/-/config  
 
[debug] [2021-01-18T15:43:52.120Z] <<< HTTP RESPONSE 200 {"content-type":"application/json; charset=UTF-8","vary":"X-Origin, Referer, Origin,Accept-Encoding","date":"Mon, 18 Jan 2021 15:45:19 GMT","server":"ESF","cache-control":"private","x-xss-protection":"0","x-frame-options":"SAMEORIGIN","x-content-type-options":"nosniff","alt-svc":"h3-29=\":443\"; ma=2592000,h3-T051=\":443\"; ma=2592000,h3-Q050=\":443\"; ma=2592000,h3-Q046=\":443\"; ma=2592000,h3-Q043=\":443\"; ma=2592000,quic=\":443\"; ma=2592000; v=\"46,43\"","accept-ranges":"none","transfer-encoding":"chunked"}
[info] i  hosting: Serving hosting files from: build {"metadata":{"emulator":{"name":"hosting"},"message":"Serving hosting files from: \u001b[1mbuild\u001b[22m"}}
[info] +  hosting: Local server: http://localhost:5000 {"metadata":{"emulator":{"name":"hosting"},"message":"Local server: \u001b[4m\u001b[1mhttp://localhost:5000\u001b[22m\u001b[24m"}}
[debug] [2021-01-18T15:43:56.217Z] Ignoring unsupported arg: auto_download {"metadata":{"emulator":{"name":"ui"},"message":"Ignoring unsupported arg: auto_download"}}
[debug] [2021-01-18T15:43:56.218Z] Ignoring unsupported arg: port {"metadata":{"emulator":{"name":"ui"},"message":"Ignoring unsupported arg: port"}}
[debug] [2021-01-18T15:43:56.218Z] Starting Emulator UI with command {"binary":"node","args":["C:\\Users\\MIF\\.cache\\firebase\\emulators\\ui-v1.2.2\\server.bundle.js"],"optionalArgs":[],"joinArgs":false} {"metadata":{"emulator":{"name":"ui"},"message":"Starting Emulator UI with command {\"binary\":\"node\",\"args\":[\"C:\\\\Users\\\\MIF\\\\.cache\\\\firebase\\\\emulators\\\\ui-v1.2.2\\\\server.bundle.js\"],\"optionalArgs\":[],\"joinArgs\":false}"}}
[info] i  ui: Emulator UI logging to ui-debug.log {"metadata":{"emulator":{"name":"ui"},"message":"Emulator UI logging to \u001b[1mui-debug.log\u001b[22m"}}
[debug] [2021-01-18T15:43:56.366Z] Web / API server started at http://localhost:4000
 {"metadata":{"emulator":{"name":"ui"},"message":"Web / API server started at http://localhost:4000\n"}}
[info] i  functions: Watching "D:\web Development\projects\Amazon-Clone-React.js\functions" for Cloud Functions... {"metadata":{"emulator":{"name":"functions"},"message":"Watching \"D:\\web Development\\projects\\Amazon-Clone-React.js\\functions\" for Cloud Functions..."}}
[debug] [2021-01-18T15:43:56.747Z] [worker-pool] addWorker(~diagnostic~) {"metadata":{"emulator":{"name":"functions"},"message":"[worker-pool] addWorker(~diagnostic~)"}}
[debug] [2021-01-18T15:43:56.748Z] [worker-pool] Adding worker with key ~diagnostic~, total=1 {"metadata":{"emulator":{"name":"functions"},"message":"[worker-pool] Adding worker with key ~diagnostic~, total=1"}}
[debug] [2021-01-18T15:43:56.748Z] [worker-pool] submitWork(triggerId=) {"metadata":{"emulator":{"name":"functions"},"message":"[worker-pool] submitWork(triggerId=)"}}
[debug] [2021-01-18T15:43:56.748Z] [worker-~diagnostic~-12567fed-da93-41f7-a6b8-8582f1bfa64e]: Assigning socketPath: \\?\pipe\D:\web Development\projects\Amazon-Clone-React.js\functions\12556 {"metadata":{"emulator":{"name":"functions"},"message":"[worker-~diagnostic~-12567fed-da93-41f7-a6b8-8582f1bfa64e]: Assigning socketPath: \\\\?\\pipe\\D:\\web Development\\projects\\Amazon-Clone-React.js\\functions\\12556"}}
[debug] [2021-01-18T15:43:56.748Z] [worker-~diagnostic~-12567fed-da93-41f7-a6b8-8582f1bfa64e]: BUSY {"metadata":{"emulator":{"name":"functions"},"message":"[worker-~diagnostic~-12567fed-da93-41f7-a6b8-8582f1bfa64e]: BUSY"}}
[debug] [2021-01-18T15:43:57.246Z] [runtime-status] [12556] Functions runtime initialized. {"cwd":"D:\\web Development\\projects\\Amazon-Clone-React.js\\functions","node_version":"12.18.2"} {"metadata":{"emulator":{"name":"functions"},"message":"[runtime-status] [12556] Functions runtime initialized. {\"cwd\":\"D:\\\\web Development\\\\projects\\\\Amazon-Clone-React.js\\\\functions\",\"node_version\":\"12.18.2\"}"}}
[debug] [2021-01-18T15:43:57.249Z] [runtime-status] [12556] Disabled runtime features: undefined {"metadata":{"emulator":{"name":"functions"},"message":"[runtime-status] [12556] Disabled runtime features: undefined"}}
[debug] [2021-01-18T15:43:57.253Z] [runtime-status] [12556] Resolved module firebase-admin {"declared":true,"installed":true,"version":"9.4.2","resolution":"D:\\web Development\\projects\\Amazon-Clone-React.js\\functions\\node_modules\\firebase-admin\\lib\\index.js"} {"metadata":{"emulator":{"name":"functions"},"message":"[runtime-status] [12556] Resolved module firebase-admin {\"declared\":true,\"installed\":true,\"version\":\"9.4.2\",\"resolution\":\"D:\\\\web Development\\\\projects\\\\Amazon-Clone-React.js\\\\functions\\\\node_modules\\\\firebase-admin\\\\lib\\\\index.js\"}"}}
[debug] [2021-01-18T15:43:57.257Z] [runtime-status] [12556] Resolved module firebase-functions {"declared":true,"installed":true,"version":"3.13.1","resolution":"D:\\web Development\\projects\\Amazon-Clone-React.js\\functions\\node_modules\\firebase-functions\\lib\\index.js"} {"metadata":{"emulator":{"name":"functions"},"message":"[runtime-status] [12556] Resolved module firebase-functions {\"declared\":true,\"installed\":true,\"version\":\"3.13.1\",\"resolution\":\"D:\\\\web Development\\\\projects\\\\Amazon-Clone-React.js\\\\functions\\\\node_modules\\\\firebase-functions\\\\lib\\\\index.js\"}"}}
[debug] [2021-01-18T15:43:57.258Z] [runtime-status] [12556] Resolved module firebase-functions {"declared":true,"installed":true,"version":"3.13.1","resolution":"D:\\web Development\\projects\\Amazon-Clone-React.js\\functions\\node_modules\\firebase-functions\\lib\\index.js"} {"metadata":{"emulator":{"name":"functions"},"message":"[runtime-status] [12556] Resolved module firebase-functions {\"declared\":true,\"installed\":true,\"version\":\"3.13.1\",\"resolution\":\"D:\\\\web Development\\\\projects\\\\Amazon-Clone-React.js\\\\functions\\\\node_modules\\\\firebase-functions\\\\lib\\\\index.js\"}"}}
[debug] [2021-01-18T15:43:57.259Z] [runtime-status] [12556] Outgoing network have been stubbed. [{"name":"http","status":"mocked"},{"name":"http","status":"mocked"},{"name":"https","status":"mocked"},{"name":"https","status":"mocked"},{"name":"net","status":"mocked"}] {"metadata":{"emulator":{"name":"functions"},"message":"[runtime-status] [12556] Outgoing network have been stubbed. [{\"name\":\"http\",\"status\":\"mocked\"},{\"name\":\"http\",\"status\":\"mocked\"},{\"name\":\"https\",\"status\":\"mocked\"},{\"name\":\"https\",\"status\":\"mocked\"},{\"name\":\"net\",\"status\":\"mocked\"}]"}}
[debug] [2021-01-18T15:43:57.260Z] [runtime-status] [12556] Resolved module firebase-functions {"declared":true,"installed":true,"version":"3.13.1","resolution":"D:\\web Development\\projects\\Amazon-Clone-React.js\\functions\\node_modules\\firebase-functions\\lib\\index.js"} {"metadata":{"emulator":{"name":"functions"},"message":"[runtime-status] [12556] Resolved module firebase-functions {\"declared\":true,\"installed\":true,\"version\":\"3.13.1\",\"resolution\":\"D:\\\\web Development\\\\projects\\\\Amazon-Clone-React.js\\\\functions\\\\node_modules\\\\firebase-functions\\\\lib\\\\index.js\"}"}}
[debug] [2021-01-18T15:43:57.305Z] [runtime-status] [12556] Checked functions.config() {"config":{}} {"metadata":{"emulator":{"name":"functions"},"message":"[runtime-status] [12556] Checked functions.config() {\"config\":{}}"}}
[debug] [2021-01-18T15:43:57.305Z] [runtime-status] [12556] firebase-functions has been stubbed. {"functionsResolution":{"declared":true,"installed":true,"version":"3.13.1","resolution":"D:\\web Development\\projects\\Amazon-Clone-React.js\\functions\\node_modules\\firebase-functions\\lib\\index.js"}} {"metadata":{"emulator":{"name":"functions"},"message":"[runtime-status] [12556] firebase-functions has been stubbed. {\"functionsResolution\":{\"declared\":true,\"installed\":true,\"version\":\"3.13.1\",\"resolution\":\"D:\\\\web Development\\\\projects\\\\Amazon-Clone-React.js\\\\functions\\\\node_modules\\\\firebase-functions\\\\lib\\\\index.js\"}}"}}
[debug] [2021-01-18T15:43:57.306Z] [runtime-status] [12556] Resolved module firebase-functions {"declared":true,"installed":true,"version":"3.13.1","resolution":"D:\\web Development\\projects\\Amazon-Clone-React.js\\functions\\node_modules\\firebase-functions\\lib\\index.js"} {"metadata":{"emulator":{"name":"functions"},"message":"[runtime-status] [12556] Resolved module firebase-functions {\"declared\":true,\"installed\":true,\"version\":\"3.13.1\",\"resolution\":\"D:\\\\web Development\\\\projects\\\\Amazon-Clone-React.js\\\\functions\\\\node_modules\\\\firebase-functions\\\\lib\\\\index.js\"}"}}
[debug] [2021-01-18T15:43:57.307Z] [runtime-status] [12556] Resolved module firebase-admin {"declared":true,"installed":true,"version":"9.4.2","resolution":"D:\\web Development\\projects\\Amazon-Clone-React.js\\functions\\node_modules\\firebase-admin\\lib\\index.js"} {"metadata":{"emulator":{"name":"functions"},"message":"[runtime-status] [12556] Resolved module firebase-admin {\"declared\":true,\"installed\":true,\"version\":\"9.4.2\",\"resolution\":\"D:\\\\web Development\\\\projects\\\\Amazon-Clone-React.js\\\\functions\\\\node_modules\\\\firebase-admin\\\\lib\\\\index.js\"}"}}
[debug] [2021-01-18T15:43:57.307Z] [runtime-status] [12556] Resolved module firebase-functions {"declared":true,"installed":true,"version":"3.13.1","resolution":"D:\\web Development\\projects\\Amazon-Clone-React.js\\functions\\node_modules\\firebase-functions\\lib\\index.js"} {"metadata":{"emulator":{"name":"functions"},"message":"[runtime-status] [12556] Resolved module firebase-functions {\"declared\":true,\"installed\":true,\"version\":\"3.13.1\",\"resolution\":\"D:\\\\web Development\\\\projects\\\\Amazon-Clone-React.js\\\\functions\\\\node_modules\\\\firebase-functions\\\\lib\\\\index.js\"}"}}
[debug] [2021-01-18T15:43:57.308Z] [runtime-status] [12556] firebase-admin has been stubbed. {"adminResolution":{"declared":true,"installed":true,"version":"9.4.2","resolution":"D:\\web Development\\projects\\Amazon-Clone-React.js\\functions\\node_modules\\firebase-admin\\lib\\index.js"}} {"metadata":{"emulator":{"name":"functions"},"message":"[runtime-status] [12556] firebase-admin has been stubbed. {\"adminResolution\":{\"declared\":true,\"installed\":true,\"version\":\"9.4.2\",\"resolution\":\"D:\\\\web Development\\\\projects\\\\Amazon-Clone-React.js\\\\functions\\\\node_modules\\\\firebase-admin\\\\lib\\\\index.js\"}}"}}
